2022-11-27 12:26:26,414 INFO  [cosmwasm_sgx_vm::enclave] Setting up enclave doorbell for up to 8 threads
Initializing claims genesis...
Init by account 
Init by account 
Init by account 
Init by account 
Init by account 
Init by account 
Init by account 
SubMsg &{Execute:0xc00038d500 Instantiate:<nil> InstantiateAuto:<nil>}
Dispatch msg with no limit gas for trust17nfn68fdkvvplr8s0tu7qkhxfw08j7rwcp7vk4 
SubMsg &{Execute:0xc00038d650 Instantiate:<nil> InstantiateAuto:<nil>}
Dispatch msg with no limit gas for trust17nfn68fdkvvplr8s0tu7qkhxfw08j7rwcp7vk4 
SubMsg &{Execute:0xc00038d730 Instantiate:<nil> InstantiateAuto:<nil>}
Dispatch msg with no limit gas for trust17nfn68fdkvvplr8s0tu7qkhxfw08j7rwcp7vk4 
SubMsg &{Execute:0xc00038d7a0 Instantiate:<nil> InstantiateAuto:<nil>}
Dispatch msg with no limit gas for trust17nfn68fdkvvplr8s0tu7qkhxfw08j7rwcp7vk4 
SubMsg &{Execute:0xc00038d810 Instantiate:<nil> InstantiateAuto:<nil>}
Dispatch msg with no limit gas for trust17nfn68fdkvvplr8s0tu7qkhxfw08j7rwcp7vk4 
SubMsg &{Execute:0xc00038d880 Instantiate:<nil> InstantiateAuto:<nil>}
Dispatch msg with no limit gas for trust17nfn68fdkvvplr8s0tu7qkhxfw08j7rwcp7vk4 
SubMsg &{Execute:0xc00038d8f0 Instantiate:<nil> InstantiateAuto:<nil>}
Dispatch msg with no limit gas for trust17nfn68fdkvvplr8s0tu7qkhxfw08j7rwcp7vk4 
SubMsg &{Execute:0xc00038d960 Instantiate:<nil> InstantiateAuto:<nil>}
Dispatch msg with no limit gas for trust17nfn68fdkvvplr8s0tu7qkhxfw08j7rwcp7vk4 
Execute by account 
SubMsg &{Execute:<nil> Instantiate:0xc0011eab60 InstantiateAuto:<nil>}
Dispatch msg with no limit gas for trust18eezxhys9jwku67cm4w84xhnzt4xjj77pny7vf 
SubMsg &{Execute:0xc0011eac40 Instantiate:<nil> InstantiateAuto:<nil>}
Dispatch msg with no limit gas for trust1zw0kfxrxgrs5l087mjm79hcmj3y8z6tla9n5dm 
SubMsg &{Execute:0xc0011eacb0 Instantiate:<nil> InstantiateAuto:<nil>}
Dispatch msg with no limit gas for trust1zw0kfxrxgrs5l087mjm79hcmj3y8z6tla9n5dm 
SubMsg &{Execute:0xc0011ead20 Instantiate:<nil> InstantiateAuto:<nil>}
Dispatch msg with no limit gas for trust1zw0kfxrxgrs5l087mjm79hcmj3y8z6tla9n5dm 
SubMsg &{Execute:<nil> Instantiate:0xc0011ead90 InstantiateAuto:<nil>}
Dispatch msg with no limit gas for trust1zw0kfxrxgrs5l087mjm79hcmj3y8z6tla9n5dm 
SubMsg &{Execute:0xc0011eb260 Instantiate:<nil> InstantiateAuto:<nil>}
Dispatch msg with no limit gas for trust18ex0zgx7200avn6pne2pmxysawsr0fe2c2l3rc 
SubMsg &{Execute:0xc0011eb3b0 Instantiate:<nil> InstantiateAuto:<nil>}
Dispatch msg with no limit gas for trust1zw0kfxrxgrs5l087mjm79hcmj3y8z6tla9n5dm 
SubMsg &{Execute:0xc0011eae70 Instantiate:<nil> InstantiateAuto:<nil>}
Dispatch msg with no limit gas for trust1zw0kfxrxgrs5l087mjm79hcmj3y8z6tla9n5dm 
Execute by account 
Execute by account 
Execute by account 
SubMsg &{Execute:0xc002c6b7a0 Instantiate:<nil> InstantiateAuto:<nil>}
Dispatch msg with no limit gas for trust1zw0kfxrxgrs5l087mjm79hcmj3y8z6tla9n5dm 
SubMsg &{Execute:0xc002c6b810 Instantiate:<nil> InstantiateAuto:<nil>}
Dispatch msg with no limit gas for trust1zw0kfxrxgrs5l087mjm79hcmj3y8z6tla9n5dm 
SubMsg &{Execute:0xc002c6b880 Instantiate:<nil> InstantiateAuto:<nil>}
Dispatch msg with no limit gas for trust1zw0kfxrxgrs5l087mjm79hcmj3y8z6tla9n5dm 
Execute by account 
SubMsg &{Execute:<nil> Instantiate:0xc002c45340 InstantiateAuto:<nil>}
Dispatch msg with no limit gas for trust18eezxhys9jwku67cm4w84xhnzt4xjj77pny7vf 
SubMsg &{Execute:0xc002c45420 Instantiate:<nil> InstantiateAuto:<nil>}
Dispatch msg with no limit gas for trust1vs2vuks65rq7xj78mwtvn7vvnm2gn7adax86ef 
SubMsg &{Execute:0xc002c45490 Instantiate:<nil> InstantiateAuto:<nil>}
Dispatch msg with no limit gas for trust1vs2vuks65rq7xj78mwtvn7vvnm2gn7adax86ef 
SubMsg &{Execute:0xc002c45570 Instantiate:<nil> InstantiateAuto:<nil>}
Dispatch msg with no limit gas for trust1vs2vuks65rq7xj78mwtvn7vvnm2gn7adax86ef 
SubMsg &{Execute:<nil> Instantiate:0xc002c455e0 InstantiateAuto:<nil>}
Dispatch msg with no limit gas for trust1vs2vuks65rq7xj78mwtvn7vvnm2gn7adax86ef 
SubMsg &{Execute:0xc002c459d0 Instantiate:<nil> InstantiateAuto:<nil>}
Dispatch msg with no limit gas for trust15nahnssd0cn2xgd7ju6tec34ekmzgm896kp5sa 
SubMsg &{Execute:0xc002c45b90 Instantiate:<nil> InstantiateAuto:<nil>}
Dispatch msg with no limit gas for trust1vs2vuks65rq7xj78mwtvn7vvnm2gn7adax86ef 
SubMsg &{Execute:0xc002c45650 Instantiate:<nil> InstantiateAuto:<nil>}
Dispatch msg with no limit gas for trust1vs2vuks65rq7xj78mwtvn7vvnm2gn7adax86ef 
Execute by account 
Execute by account 
Execute by account 
SubMsg &{Execute:0xc0053928c0 Instantiate:<nil> InstantiateAuto:<nil>}
Dispatch msg with no limit gas for trust1vs2vuks65rq7xj78mwtvn7vvnm2gn7adax86ef 
SubMsg &{Execute:0xc005392930 Instantiate:<nil> InstantiateAuto:<nil>}
Dispatch msg with no limit gas for trust1vs2vuks65rq7xj78mwtvn7vvnm2gn7adax86ef 
SubMsg &{Execute:0xc0053929a0 Instantiate:<nil> InstantiateAuto:<nil>}
Dispatch msg with no limit gas for trust1vs2vuks65rq7xj78mwtvn7vvnm2gn7adax86ef 
Execute by account 
SubMsg &{Execute:<nil> Instantiate:0xc0055681c0 InstantiateAuto:<nil>}
Dispatch msg with no limit gas for trust18eezxhys9jwku67cm4w84xhnzt4xjj77pny7vf 
SubMsg &{Execute:0xc00568e3f0 Instantiate:<nil> InstantiateAuto:<nil>}
Dispatch msg with no limit gas for trust19n7rdc3djhctsrnf2l042ugk0y9gml3tpax538 
SubMsg &{Execute:0xc00568e460 Instantiate:<nil> InstantiateAuto:<nil>}
Dispatch msg with no limit gas for trust19n7rdc3djhctsrnf2l042ugk0y9gml3tpax538 
SubMsg &{Execute:0xc00568e4d0 Instantiate:<nil> InstantiateAuto:<nil>}
Dispatch msg with no limit gas for trust19n7rdc3djhctsrnf2l042ugk0y9gml3tpax538 
SubMsg &{Execute:<nil> Instantiate:0xc00568e540 InstantiateAuto:<nil>}
Dispatch msg with no limit gas for trust19n7rdc3djhctsrnf2l042ugk0y9gml3tpax538 
SubMsg &{Execute:0xc0055684d0 Instantiate:<nil> InstantiateAuto:<nil>}
Dispatch msg with no limit gas for trust1gmq36d7uwfy9ezpu5gne7yw5clrttsurkrjdkc 
SubMsg &{Execute:0xc005568620 Instantiate:<nil> InstantiateAuto:<nil>}
Dispatch msg with no limit gas for trust19n7rdc3djhctsrnf2l042ugk0y9gml3tpax538 
SubMsg &{Execute:0xc00568e5b0 Instantiate:<nil> InstantiateAuto:<nil>}
Dispatch msg with no limit gas for trust19n7rdc3djhctsrnf2l042ugk0y9gml3tpax538 
Execute by account 
Execute by account 
Execute by account 
SubMsg &{Execute:0xc0063ba2a0 Instantiate:<nil> InstantiateAuto:<nil>}
Dispatch msg with no limit gas for trust19n7rdc3djhctsrnf2l042ugk0y9gml3tpax538 
SubMsg &{Execute:0xc0063ba310 Instantiate:<nil> InstantiateAuto:<nil>}
Dispatch msg with no limit gas for trust19n7rdc3djhctsrnf2l042ugk0y9gml3tpax538 
SubMsg &{Execute:0xc0063ba380 Instantiate:<nil> InstantiateAuto:<nil>}
Dispatch msg with no limit gas for trust19n7rdc3djhctsrnf2l042ugk0y9gml3tpax538 
Execute by account 
SubMsg &{Execute:<nil> Instantiate:0xc0063bbc00 InstantiateAuto:<nil>}
Dispatch msg with no limit gas for trust18eezxhys9jwku67cm4w84xhnzt4xjj77pny7vf 
SubMsg &{Execute:0xc0063bbce0 Instantiate:<nil> InstantiateAuto:<nil>}
Dispatch msg with no limit gas for trust132u3ulheetfh54cv2gq39p036r6rqvrp282f3p 
SubMsg &{Execute:0xc0063bbd50 Instantiate:<nil> InstantiateAuto:<nil>}
Dispatch msg with no limit gas for trust132u3ulheetfh54cv2gq39p036r6rqvrp282f3p 
SubMsg &{Execute:<nil> Instantiate:0xc0063bbdc0 InstantiateAuto:<nil>}
Dispatch msg with no limit gas for trust132u3ulheetfh54cv2gq39p036r6rqvrp282f3p 
SubMsg &{Execute:0xc00579bb20 Instantiate:<nil> InstantiateAuto:<nil>}
Dispatch msg with no limit gas for trust1mrnhvysuz0fed66thpy8fhlw6p253tzwjat7vj 
SubMsg &{Execute:0xc00579bc70 Instantiate:<nil> InstantiateAuto:<nil>}
Dispatch msg with no limit gas for trust132u3ulheetfh54cv2gq39p036r6rqvrp282f3p 
SubMsg &{Execute:0xc0063bbe30 Instantiate:<nil> InstantiateAuto:<nil>}
Dispatch msg with no limit gas for trust132u3ulheetfh54cv2gq39p036r6rqvrp282f3p 
Execute by account 
Execute by account 
SubMsg &{Execute:0xc0067c3b90 Instantiate:<nil> InstantiateAuto:<nil>}
Dispatch msg with no limit gas for trust132u3ulheetfh54cv2gq39p036r6rqvrp282f3p 
SubMsg &{Execute:0xc0067c3c00 Instantiate:<nil> InstantiateAuto:<nil>}
Dispatch msg with no limit gas for trust132u3ulheetfh54cv2gq39p036r6rqvrp282f3p 
Execute by account 
Execute by account 
Execute by account 
Execute by account 
